<?xml version="1.0" encoding="UTF-8"?>
<!-- Generated by org.testng.reporters.JUnitReportReporter -->
<testsuite skipped="0" hostname="KSP-PC" name="com.pages.TestCases_InputForms" tests="1" failures="0" timestamp="15 Sep 2019 13:28:22 GMT" time="0.969" errors="0">
  <testcase name="singleInputField" time="0.969" classname="com.pages.TestCases_InputForms"/>
</testsuite> <!-- com.pages.TestCases_InputForms -->
