<?xml version="1.0" encoding="UTF-8"?>
<!-- Generated by org.testng.reporters.JUnitReportReporter -->
<testsuite skipped="0" hostname="KSP-PC" name="com.pages.InputForms" tests="1" failures="0" timestamp="15 Sep 2019 11:13:05 GMT" time="1.229" errors="0">
  <testcase name="singleSelect" time="1.229" classname="com.pages.InputForms"/>
</testsuite> <!-- com.pages.InputForms -->
